2013/09/24 00:47:45 [error] [exception.CHttpException.404] exception 'CHttpException' with message 'The system is unable to find the requested action "Local".' in C:\xampp\htdocs\yii\framework\web\CController.php:483
Stack trace:
#0 C:\xampp\htdocs\yii\framework\web\CController.php(270): CController->missingAction('Local')
#1 C:\xampp\htdocs\yii\framework\web\CWebApplication.php(282): CController->run('Local')
#2 C:\xampp\htdocs\yii\framework\web\CWebApplication.php(141): CWebApplication->runController('site/Local')
#3 C:\xampp\htdocs\yii\framework\base\CApplication.php(180): CWebApplication->processRequest()
#4 C:\xampp\htdocs\macspa\admin\index.php(13): CApplication->run()
#5 {main}
REQUEST_URI=/macspa/admin/index.php?r=site/Local
HTTP_REFERER=http://localhost:8585/macspa/admin/index.php
---
2013/09/24 16:08:03 [error] [php] include(nombres.php): failed to open stream: No such file or directory (C:\xampp\htdocs\yii\framework\YiiBase.php:427)
Stack trace:
#0 C:\xampp\htdocs\yii\framework\validators\CValidator.php(186): import()
#1 C:\xampp\htdocs\yii\framework\base\CModel.php(287): createValidator()
#2 C:\xampp\htdocs\yii\framework\base\CModel.php(260): Personal->createValidators()
#3 C:\xampp\htdocs\yii\framework\base\CModel.php(304): Personal->getValidators()
#4 C:\xampp\htdocs\yii\framework\web\helpers\CHtml.php(1414): Personal->isAttributeRequired()
#5 C:\xampp\htdocs\yii\framework\web\widgets\CActiveForm.php(597): activeLabelEx()
#6 C:\xampp\htdocs\macspa\admin\protected\views\personal\_form.php(23): CActiveForm->labelEx()
#7 C:\xampp\htdocs\yii\framework\web\CBaseController.php(126): require()
#8 C:\xampp\htdocs\yii\framework\web\CBaseController.php(95): PersonalController->renderInternal()
#9 C:\xampp\htdocs\yii\framework\web\CController.php(869): PersonalController->renderFile()
#10 C:\xampp\htdocs\macspa\admin\protected\views\personal\create.php(18): PersonalController->renderPartial()
#11 C:\xampp\htdocs\yii\framework\web\CBaseController.php(126): require()
#12 C:\xampp\htdocs\yii\framework\web\CBaseController.php(95): PersonalController->renderInternal()
#13 C:\xampp\htdocs\yii\framework\web\CController.php(869): PersonalController->renderFile()
#14 C:\xampp\htdocs\yii\framework\web\CController.php(782): PersonalController->renderPartial()
#15 C:\xampp\htdocs\macspa\admin\protected\controllers\PersonalController.php(79): PersonalController->render()
#16 C:\xampp\htdocs\yii\framework\web\actions\CInlineAction.php(49): PersonalController->actionCreate()
#17 C:\xampp\htdocs\yii\framework\web\CController.php(308): CInlineAction->runWithParams()
#18 C:\xampp\htdocs\yii\framework\web\filters\CFilterChain.php(133): PersonalController->runAction()
#19 C:\xampp\htdocs\yii\framework\web\filters\CFilter.php(40): CFilterChain->run()
#20 C:\xampp\htdocs\yii\framework\web\CController.php(1145): CAccessControlFilter->filter()
#21 C:\xampp\htdocs\yii\framework\web\filters\CInlineFilter.php(58): PersonalController->filterAccessControl()
#22 C:\xampp\htdocs\yii\framework\web\filters\CFilterChain.php(130): CInlineFilter->filter()
#23 C:\xampp\htdocs\yii\framework\web\CController.php(291): CFilterChain->run()
#24 C:\xampp\htdocs\yii\framework\web\CController.php(265): PersonalController->runActionWithFilters()
#25 C:\xampp\htdocs\yii\framework\web\CWebApplication.php(282): PersonalController->run()
#26 C:\xampp\htdocs\yii\framework\web\CWebApplication.php(141): CWebApplication->runController()
#27 C:\xampp\htdocs\yii\framework\base\CApplication.php(180): CWebApplication->processRequest()
#28 C:\xampp\htdocs\macspa\admin\index.php(13): CWebApplication->run()
REQUEST_URI=/macspa/admin/index.php/personal/create
in C:\xampp\htdocs\macspa\admin\protected\views\personal\_form.php (23)
in C:\xampp\htdocs\macspa\admin\protected\views\personal\create.php (18)
in C:\xampp\htdocs\macspa\admin\protected\controllers\PersonalController.php (79)
2013/09/24 17:02:07 [error] [exception.CException] exception 'CException' with message 'Property "Personal.idLocal" is not defined.' in C:\xampp\htdocs\yii\framework\base\CComponent.php:130
Stack trace:
#0 C:\xampp\htdocs\yii\framework\db\ar\CActiveRecord.php(145): CComponent->__get('idLocal')
#1 C:\xampp\htdocs\yii\framework\web\helpers\CHtml.php(2529): CActiveRecord->__get('idLocal')
#2 C:\xampp\htdocs\yii\framework\web\helpers\CHtml.php(1802): CHtml::resolveValue(Object(Personal), 'idLocal')
#3 C:\xampp\htdocs\yii\framework\web\widgets\CActiveForm.php(847): CHtml::activeDropDownList(Object(Personal), 'idLocal', Array, Array)
#4 C:\xampp\htdocs\macspa\admin\protected\views\personal\_form.php(74): CActiveForm->dropDownList(Object(Personal), 'idLocal', Array)
#5 C:\xampp\htdocs\yii\framework\web\CBaseController.php(126): require('C:\xampp\htdocs...')
#6 C:\xampp\htdocs\yii\framework\web\CBaseController.php(95): CBaseController->renderInternal('C:\xampp\htdocs...', Array, true)
#7 C:\xampp\htdocs\yii\framework\web\CController.php(869): CBaseController->renderFile('C:\xampp\htdocs...', Array, true)
#8 C:\xampp\htdocs\macspa\admin\protected\views\personal\create.php(18): CController->renderPartial('_form', Array)
#9 C:\xampp\htdocs\yii\framework\web\CBaseController.php(126): require('C:\xampp\htdocs...')
#10 C:\xampp\htdocs\yii\framework\web\CBaseController.php(95): CBaseController->renderInternal('C:\xampp\htdocs...', Array, true)
#11 C:\xampp\htdocs\yii\framework\web\CController.php(869): CBaseController->renderFile('C:\xampp\htdocs...', Array, true)
#12 C:\xampp\htdocs\yii\framework\web\CController.php(782): CController->renderPartial('create', Array, true)
#13 C:\xampp\htdocs\macspa\admin\protected\controllers\PersonalController.php(79): CController->render('create', Array)
#14 C:\xampp\htdocs\yii\framework\web\actions\CInlineAction.php(49): PersonalController->actionCreate()
#15 C:\xampp\htdocs\yii\framework\web\CController.php(308): CInlineAction->runWithParams(Array)
#16 C:\xampp\htdocs\yii\framework\web\filters\CFilterChain.php(133): CController->runAction(Object(CInlineAction))
#17 C:\xampp\htdocs\yii\framework\web\filters\CFilter.php(40): CFilterChain->run()
#18 C:\xampp\htdocs\yii\framework\web\CController.php(1145): CFilter->filter(Object(CFilterChain))
#19 C:\xampp\htdocs\yii\framework\web\filters\CInlineFilter.php(58): CController->filterAccessControl(Object(CFilterChain))
#20 C:\xampp\htdocs\yii\framework\web\filters\CFilterChain.php(130): CInlineFilter->filter(Object(CFilterChain))
#21 C:\xampp\htdocs\yii\framework\web\CController.php(291): CFilterChain->run()
#22 C:\xampp\htdocs\yii\framework\web\CController.php(265): CController->runActionWithFilters(Object(CInlineAction), Array)
#23 C:\xampp\htdocs\yii\framework\web\CWebApplication.php(282): CController->run('create')
#24 C:\xampp\htdocs\yii\framework\web\CWebApplication.php(141): CWebApplication->runController('personal/create')
#25 C:\xampp\htdocs\yii\framework\base\CApplication.php(180): CWebApplication->processRequest()
#26 C:\xampp\htdocs\macspa\admin\index.php(13): CApplication->run()
#27 {main}
REQUEST_URI=/macspa/admin/index.php/personal/create
---
2013/09/24 19:31:53 [error] [exception.CException] exception 'CException' with message 'The attribute must be specified in the format of "Name:Type:Label", where "Type" and "Label" are optional.' in C:\xampp\htdocs\yii\framework\zii\widgets\CDetailView.php:183
Stack trace:
#0 C:\xampp\htdocs\yii\framework\web\CBaseController.php(173): CDetailView->run()
#1 C:\xampp\htdocs\macspa\admin\protected\views\servicio\view.php(30): CBaseController->widget('zii.widgets.CDe...', Array)
#2 C:\xampp\htdocs\yii\framework\web\CBaseController.php(126): require('C:\xampp\htdocs...')
#3 C:\xampp\htdocs\yii\framework\web\CBaseController.php(95): CBaseController->renderInternal('C:\xampp\htdocs...', Array, true)
#4 C:\xampp\htdocs\yii\framework\web\CController.php(869): CBaseController->renderFile('C:\xampp\htdocs...', Array, true)
#5 C:\xampp\htdocs\yii\framework\web\CController.php(782): CController->renderPartial('view', Array, true)
#6 C:\xampp\htdocs\macspa\admin\protected\controllers\ServicioController.php(56): CController->render('view', Array)
#7 [internal function]: ServicioController->actionView('1')
#8 C:\xampp\htdocs\yii\framework\web\actions\CAction.php(108): ReflectionMethod->invokeArgs(Object(ServicioController), Array)
#9 C:\xampp\htdocs\yii\framework\web\actions\CInlineAction.php(47): CAction->runWithParamsInternal(Object(ServicioController), Object(ReflectionMethod), Array)
#10 C:\xampp\htdocs\yii\framework\web\CController.php(308): CInlineAction->runWithParams(Array)
#11 C:\xampp\htdocs\yii\framework\web\filters\CFilterChain.php(133): CController->runAction(Object(CInlineAction))
#12 C:\xampp\htdocs\yii\framework\web\filters\CFilter.php(40): CFilterChain->run()
#13 C:\xampp\htdocs\yii\framework\web\CController.php(1145): CFilter->filter(Object(CFilterChain))
#14 C:\xampp\htdocs\yii\framework\web\filters\CInlineFilter.php(58): CController->filterAccessControl(Object(CFilterChain))
#15 C:\xampp\htdocs\yii\framework\web\filters\CFilterChain.php(130): CInlineFilter->filter(Object(CFilterChain))
#16 C:\xampp\htdocs\yii\framework\web\CController.php(291): CFilterChain->run()
#17 C:\xampp\htdocs\yii\framework\web\CController.php(265): CController->runActionWithFilters(Object(CInlineAction), Array)
#18 C:\xampp\htdocs\yii\framework\web\CWebApplication.php(282): CController->run('view')
#19 C:\xampp\htdocs\yii\framework\web\CWebApplication.php(141): CWebApplication->runController('servicio/view')
#20 C:\xampp\htdocs\yii\framework\base\CApplication.php(180): CWebApplication->processRequest()
#21 C:\xampp\htdocs\macspa\admin\index.php(13): CApplication->run()
#22 {main}
REQUEST_URI=/macspa/admin/index.php/servicio/1
HTTP_REFERER=http://localhost:8585/macspa/admin/index.php/servicio/index
---
2013/09/24 19:32:10 [error] [php] htmlspecialchars() expects parameter 1 to be string, object given (C:\xampp\htdocs\yii\framework\web\helpers\CHtml.php:103)
Stack trace:
#0 C:\xampp\htdocs\yii\framework\utils\CFormatter.php(128): CFormatter->formatText()
#1 C:\xampp\htdocs\yii\framework\zii\widgets\CDetailView.php(218): CFormatter->format()
#2 C:\xampp\htdocs\yii\framework\web\CBaseController.php(173): CDetailView->run()
#3 C:\xampp\htdocs\macspa\admin\protected\views\servicio\view.php(30): ServicioController->widget()
#4 C:\xampp\htdocs\yii\framework\web\CBaseController.php(126): require()
#5 C:\xampp\htdocs\yii\framework\web\CBaseController.php(95): ServicioController->renderInternal()
#6 C:\xampp\htdocs\yii\framework\web\CController.php(869): ServicioController->renderFile()
#7 C:\xampp\htdocs\yii\framework\web\CController.php(782): ServicioController->renderPartial()
#8 C:\xampp\htdocs\macspa\admin\protected\controllers\ServicioController.php(56): ServicioController->render()
#9 unknown(0): ServicioController->actionView()
#10 C:\xampp\htdocs\yii\framework\web\actions\CAction.php(108): ReflectionMethod->invokeArgs()
#11 C:\xampp\htdocs\yii\framework\web\actions\CInlineAction.php(47): CInlineAction->runWithParamsInternal()
#12 C:\xampp\htdocs\yii\framework\web\CController.php(308): CInlineAction->runWithParams()
#13 C:\xampp\htdocs\yii\framework\web\filters\CFilterChain.php(133): ServicioController->runAction()
#14 C:\xampp\htdocs\yii\framework\web\filters\CFilter.php(40): CFilterChain->run()
#15 C:\xampp\htdocs\yii\framework\web\CController.php(1145): CAccessControlFilter->filter()
#16 C:\xampp\htdocs\yii\framework\web\filters\CInlineFilter.php(58): ServicioController->filterAccessControl()
#17 C:\xampp\htdocs\yii\framework\web\filters\CFilterChain.php(130): CInlineFilter->filter()
#18 C:\xampp\htdocs\yii\framework\web\CController.php(291): CFilterChain->run()
#19 C:\xampp\htdocs\yii\framework\web\CController.php(265): ServicioController->runActionWithFilters()
#20 C:\xampp\htdocs\yii\framework\web\CWebApplication.php(282): ServicioController->run()
#21 C:\xampp\htdocs\yii\framework\web\CWebApplication.php(141): CWebApplication->runController()
#22 C:\xampp\htdocs\yii\framework\base\CApplication.php(180): CWebApplication->processRequest()
#23 C:\xampp\htdocs\macspa\admin\index.php(13): CWebApplication->run()
REQUEST_URI=/macspa/admin/index.php/servicio/1
in C:\xampp\htdocs\macspa\admin\protected\views\servicio\view.php (30)
in C:\xampp\htdocs\macspa\admin\protected\controllers\ServicioController.php (56)
in C:\xampp\htdocs\macspa\admin\index.php (13)
2013/09/24 22:19:25 [error] [exception.CException] exception 'CException' with message 'Property "Seccion.Usuario_idUsuario" is not defined.' in C:\xampp\htdocs\yii\framework\base\CComponent.php:130
Stack trace:
#0 C:\xampp\htdocs\yii\framework\db\ar\CActiveRecord.php(145): CComponent->__get('Usuario_idUsuar...')
#1 C:\xampp\htdocs\yii\framework\web\helpers\CHtml.php(2529): CActiveRecord->__get('Usuario_idUsuar...')
#2 C:\xampp\htdocs\yii\framework\web\helpers\CHtml.php(2252): CHtml::resolveValue(Object(Seccion), 'Usuario_idUsuar...')
#3 C:\xampp\htdocs\yii\framework\web\helpers\CHtml.php(1434): CHtml::activeInputField('text', Object(Seccion), 'Usuario_idUsuar...', Array)
#4 C:\xampp\htdocs\yii\framework\web\widgets\CActiveForm.php(725): CHtml::activeTextField(Object(Seccion), 'Usuario_idUsuar...', Array)
#5 C:\xampp\htdocs\macspa\admin\protected\views\seccion\_form.php(48): CActiveForm->textField(Object(Seccion), 'Usuario_idUsuar...')
#6 C:\xampp\htdocs\yii\framework\web\CBaseController.php(126): require('C:\xampp\htdocs...')
#7 C:\xampp\htdocs\yii\framework\web\CBaseController.php(95): CBaseController->renderInternal('C:\xampp\htdocs...', Array, true)
#8 C:\xampp\htdocs\yii\framework\web\CController.php(869): CBaseController->renderFile('C:\xampp\htdocs...', Array, true)
#9 C:\xampp\htdocs\macspa\admin\protected\views\seccion\create.php(18): CController->renderPartial('_form', Array)
#10 C:\xampp\htdocs\yii\framework\web\CBaseController.php(126): require('C:\xampp\htdocs...')
#11 C:\xampp\htdocs\yii\framework\web\CBaseController.php(95): CBaseController->renderInternal('C:\xampp\htdocs...', Array, true)
#12 C:\xampp\htdocs\yii\framework\web\CController.php(869): CBaseController->renderFile('C:\xampp\htdocs...', Array, true)
#13 C:\xampp\htdocs\yii\framework\web\CController.php(782): CController->renderPartial('create', Array, true)
#14 C:\xampp\htdocs\macspa\admin\protected\controllers\SeccionController.php(79): CController->render('create', Array)
#15 C:\xampp\htdocs\yii\framework\web\actions\CInlineAction.php(49): SeccionController->actionCreate()
#16 C:\xampp\htdocs\yii\framework\web\CController.php(308): CInlineAction->runWithParams(Array)
#17 C:\xampp\htdocs\yii\framework\web\filters\CFilterChain.php(133): CController->runAction(Object(CInlineAction))
#18 C:\xampp\htdocs\yii\framework\web\filters\CFilter.php(40): CFilterChain->run()
#19 C:\xampp\htdocs\yii\framework\web\CController.php(1145): CFilter->filter(Object(CFilterChain))
#20 C:\xampp\htdocs\yii\framework\web\filters\CInlineFilter.php(58): CController->filterAccessControl(Object(CFilterChain))
#21 C:\xampp\htdocs\yii\framework\web\filters\CFilterChain.php(130): CInlineFilter->filter(Object(CFilterChain))
#22 C:\xampp\htdocs\yii\framework\web\CController.php(291): CFilterChain->run()
#23 C:\xampp\htdocs\yii\framework\web\CController.php(265): CController->runActionWithFilters(Object(CInlineAction), Array)
#24 C:\xampp\htdocs\yii\framework\web\CWebApplication.php(282): CController->run('create')
#25 C:\xampp\htdocs\yii\framework\web\CWebApplication.php(141): CWebApplication->runController('seccion/create')
#26 C:\xampp\htdocs\yii\framework\base\CApplication.php(180): CWebApplication->processRequest()
#27 C:\xampp\htdocs\macspa\admin\index.php(13): CApplication->run()
#28 {main}
REQUEST_URI=/macspa/admin/index.php/seccion/create
HTTP_REFERER=http://localhost:8585/macspa/admin/index.php/Seccion/Index
---
2013/09/26 17:22:58 [error] [exception.CHttpException.404] exception 'CHttpException' with message 'The system is unable to find the requested action "mostrarServicios".' in C:\xampp\htdocs\yii\framework\web\CController.php:483
Stack trace:
#0 C:\xampp\htdocs\yii\framework\web\CController.php(270): CController->missingAction('mostrarServicio...')
#1 C:\xampp\htdocs\yii\framework\web\CWebApplication.php(282): CController->run('mostrarServicio...')
#2 C:\xampp\htdocs\yii\framework\web\CWebApplication.php(141): CWebApplication->runController('Personal/mostra...')
#3 C:\xampp\htdocs\yii\framework\base\CApplication.php(180): CWebApplication->processRequest()
#4 C:\xampp\htdocs\macspa\admin\index.php(13): CApplication->run()
#5 {main}
REQUEST_URI=/macspa/admin/index.php/Personal/mostrarServicios
---
2013/09/26 17:23:26 [error] [exception.CHttpException.403] exception 'CHttpException' with message 'You are not authorized to perform this action.' in C:\xampp\htdocs\yii\framework\web\auth\CAccessControlFilter.php:182
Stack trace:
#0 C:\xampp\htdocs\yii\framework\web\auth\CAccessControlFilter.php(145): CAccessControlFilter->accessDenied(Object(CWebUser), 'You are not aut...')
#1 C:\xampp\htdocs\yii\framework\web\filters\CFilter.php(38): CAccessControlFilter->preFilter(Object(CFilterChain))
#2 C:\xampp\htdocs\yii\framework\web\CController.php(1145): CFilter->filter(Object(CFilterChain))
#3 C:\xampp\htdocs\yii\framework\web\filters\CInlineFilter.php(58): CController->filterAccessControl(Object(CFilterChain))
#4 C:\xampp\htdocs\yii\framework\web\filters\CFilterChain.php(130): CInlineFilter->filter(Object(CFilterChain))
#5 C:\xampp\htdocs\yii\framework\web\CController.php(291): CFilterChain->run()
#6 C:\xampp\htdocs\yii\framework\web\CController.php(265): CController->runActionWithFilters(Object(CInlineAction), Array)
#7 C:\xampp\htdocs\yii\framework\web\CWebApplication.php(282): CController->run('mostrarServicio...')
#8 C:\xampp\htdocs\yii\framework\web\CWebApplication.php(141): CWebApplication->runController('Personal/mostra...')
#9 C:\xampp\htdocs\yii\framework\base\CApplication.php(180): CWebApplication->processRequest()
#10 C:\xampp\htdocs\macspa\admin\index.php(13): CApplication->run()
#11 {main}
REQUEST_URI=/macspa/admin/index.php/Personal/mostrarServicios
HTTP_REFERER=http://localhost:8585/macspa/admin/index.php/site/login
---
2013/09/26 17:23:29 [error] [exception.CHttpException.403] exception 'CHttpException' with message 'You are not authorized to perform this action.' in C:\xampp\htdocs\yii\framework\web\auth\CAccessControlFilter.php:182
Stack trace:
#0 C:\xampp\htdocs\yii\framework\web\auth\CAccessControlFilter.php(145): CAccessControlFilter->accessDenied(Object(CWebUser), 'You are not aut...')
#1 C:\xampp\htdocs\yii\framework\web\filters\CFilter.php(38): CAccessControlFilter->preFilter(Object(CFilterChain))
#2 C:\xampp\htdocs\yii\framework\web\CController.php(1145): CFilter->filter(Object(CFilterChain))
#3 C:\xampp\htdocs\yii\framework\web\filters\CInlineFilter.php(58): CController->filterAccessControl(Object(CFilterChain))
#4 C:\xampp\htdocs\yii\framework\web\filters\CFilterChain.php(130): CInlineFilter->filter(Object(CFilterChain))
#5 C:\xampp\htdocs\yii\framework\web\CController.php(291): CFilterChain->run()
#6 C:\xampp\htdocs\yii\framework\web\CController.php(265): CController->runActionWithFilters(Object(CInlineAction), Array)
#7 C:\xampp\htdocs\yii\framework\web\CWebApplication.php(282): CController->run('mostrarServicio...')
#8 C:\xampp\htdocs\yii\framework\web\CWebApplication.php(141): CWebApplication->runController('Personal/mostra...')
#9 C:\xampp\htdocs\yii\framework\base\CApplication.php(180): CWebApplication->processRequest()
#10 C:\xampp\htdocs\macspa\admin\index.php(13): CApplication->run()
#11 {main}
REQUEST_URI=/macspa/admin/index.php/Personal/mostrarServicios
---
2013/09/27 00:32:41 [error] [system.db.CDbCommand] CDbCommand::execute() failed: SQLSTATE[42S22]: Column not found: 1054 Unknown column 'undefined' in 'field list'. The SQL statement executed was: insert into personal_servicio(idPersonal,idservicio,flg_activo) values(45278697,undefined,1).
in C:\xampp\htdocs\macspa\admin\protected\controllers\PersonalController.php (194)
in C:\xampp\htdocs\macspa\admin\index.php (13)
2013/09/27 00:33:33 [error] [system.db.CDbCommand] CDbCommand::execute() failed: SQLSTATE[42S22]: Column not found: 1054 Unknown column 'undefined' in 'field list'. The SQL statement executed was: insert into personal_servicio(idPersonal,idservicio,flg_activo) values(45278697,undefined,1).
in C:\xampp\htdocs\macspa\admin\protected\controllers\PersonalController.php (194)
in C:\xampp\htdocs\macspa\admin\index.php (13)
2013/09/27 00:33:41 [error] [system.db.CDbCommand] CDbCommand::execute() failed: SQLSTATE[42S22]: Column not found: 1054 Unknown column 'undefined' in 'field list'. The SQL statement executed was: insert into personal_servicio(idPersonal,idservicio,flg_activo) values(45278697,undefined,1).
in C:\xampp\htdocs\macspa\admin\protected\controllers\PersonalController.php (194)
in C:\xampp\htdocs\macspa\admin\index.php (13)
2013/09/27 00:34:19 [error] [system.db.CDbCommand] CDbCommand::execute() failed: SQLSTATE[42S22]: Column not found: 1054 Unknown column 'undefined' in 'field list'. The SQL statement executed was: insert into personal_servicio(idPersonal,idservicio,flg_activo) values(45278697,undefined,1).
in C:\xampp\htdocs\macspa\admin\protected\controllers\PersonalController.php (194)
in C:\xampp\htdocs\macspa\admin\index.php (13)
2013/09/27 00:38:09 [error] [system.db.CDbCommand] CDbCommand::execute() failed: SQLSTATE[23000]: Integrity constraint violation: 1062 Duplicate entry '45278697-1' for key 'PRIMARY'. The SQL statement executed was: insert into personal_servicio(idPersonal,idservicio,flg_activo) values(45278697,1,1).
in C:\xampp\htdocs\macspa\admin\protected\controllers\PersonalController.php (194)
in C:\xampp\htdocs\macspa\admin\index.php (13)
2013/09/27 00:47:40 [error] [system.db.CDbCommand] CDbCommand::execute() failed: SQLSTATE[23000]: Integrity constraint violation: 1062 Duplicate entry '45278697-1' for key 'PRIMARY'. The SQL statement executed was: insert into personal_servicio(idPersonal,idservicio,flg_activo) values(45278697,1,1).
in C:\xampp\htdocs\macspa\admin\protected\controllers\PersonalController.php (194)
in C:\xampp\htdocs\macspa\admin\index.php (13)
2013/09/27 05:32:56 [error] [exception.CException] exception 'CException' with message 'Property "Promocion.idPersonal" is not defined.' in /Users/daniel/Documents/SITIOS/yii/framework/base/CComponent.php:130
Stack trace:
#0 /Users/daniel/Documents/SITIOS/yii/framework/db/ar/CActiveRecord.php(145): CComponent->__get('idPersonal')
#1 /Users/daniel/Documents/SITIOS/macspa/admin/protected/views/promocion/view.php(140): CActiveRecord->__get('idPersonal')
#2 /Users/daniel/Documents/SITIOS/yii/framework/web/CBaseController.php(126): require('/Users/daniel/D...')
#3 /Users/daniel/Documents/SITIOS/yii/framework/web/CBaseController.php(95): CBaseController->renderInternal('/Users/daniel/D...', Array, true)
#4 /Users/daniel/Documents/SITIOS/yii/framework/web/CController.php(869): CBaseController->renderFile('/Users/daniel/D...', Array, true)
#5 /Users/daniel/Documents/SITIOS/yii/framework/web/CController.php(782): CController->renderPartial('view', Array, true)
#6 /Users/daniel/Documents/SITIOS/macspa/admin/protected/controllers/PromocionController.php(56): CController->render('view', Array)
#7 [internal function]: PromocionController->actionView('1')
#8 /Users/daniel/Documents/SITIOS/yii/framework/web/actions/CAction.php(108): ReflectionMethod->invokeArgs(Object(PromocionController), Array)
#9 /Users/daniel/Documents/SITIOS/yii/framework/web/actions/CInlineAction.php(47): CAction->runWithParamsInternal(Object(PromocionController), Object(ReflectionMethod), Array)
#10 /Users/daniel/Documents/SITIOS/yii/framework/web/CController.php(308): CInlineAction->runWithParams(Array)
#11 /Users/daniel/Documents/SITIOS/yii/framework/web/filters/CFilterChain.php(133): CController->runAction(Object(CInlineAction))
#12 /Users/daniel/Documents/SITIOS/yii/framework/web/filters/CFilter.php(40): CFilterChain->run()
#13 /Users/daniel/Documents/SITIOS/yii/framework/web/CController.php(1145): CFilter->filter(Object(CFilterChain))
#14 /Users/daniel/Documents/SITIOS/yii/framework/web/filters/CInlineFilter.php(58): CController->filterAccessControl(Object(CFilterChain))
#15 /Users/daniel/Documents/SITIOS/yii/framework/web/filters/CFilterChain.php(130): CInlineFilter->filter(Object(CFilterChain))
#16 /Users/daniel/Documents/SITIOS/yii/framework/web/CController.php(291): CFilterChain->run()
#17 /Users/daniel/Documents/SITIOS/yii/framework/web/CController.php(265): CController->runActionWithFilters(Object(CInlineAction), Array)
#18 /Users/daniel/Documents/SITIOS/yii/framework/web/CWebApplication.php(282): CController->run('view')
#19 /Users/daniel/Documents/SITIOS/yii/framework/web/CWebApplication.php(141): CWebApplication->runController('promocion/view')
#20 /Users/daniel/Documents/SITIOS/yii/framework/base/CApplication.php(180): CWebApplication->processRequest()
#21 /Users/daniel/Documents/SITIOS/macspa/admin/index.php(13): CApplication->run()
#22 {main}
REQUEST_URI=/macspa/admin/index.php/promocion/1
HTTP_REFERER=http://localhost:8888/macspa/admin/index.php/promocion/create
---
2013/09/27 05:34:13 [error] [exception.CException] exception 'CException' with message 'Property "Promocion.idPromocion" is not defined.' in /Users/daniel/Documents/SITIOS/yii/framework/base/CComponent.php:130
Stack trace:
#0 /Users/daniel/Documents/SITIOS/yii/framework/db/ar/CActiveRecord.php(145): CComponent->__get('idPromocion')
#1 /Users/daniel/Documents/SITIOS/macspa/admin/protected/views/promocion/view.php(140): CActiveRecord->__get('idPromocion')
#2 /Users/daniel/Documents/SITIOS/yii/framework/web/CBaseController.php(126): require('/Users/daniel/D...')
#3 /Users/daniel/Documents/SITIOS/yii/framework/web/CBaseController.php(95): CBaseController->renderInternal('/Users/daniel/D...', Array, true)
#4 /Users/daniel/Documents/SITIOS/yii/framework/web/CController.php(869): CBaseController->renderFile('/Users/daniel/D...', Array, true)
#5 /Users/daniel/Documents/SITIOS/yii/framework/web/CController.php(782): CController->renderPartial('view', Array, true)
#6 /Users/daniel/Documents/SITIOS/macspa/admin/protected/controllers/PromocionController.php(56): CController->render('view', Array)
#7 [internal function]: PromocionController->actionView('1')
#8 /Users/daniel/Documents/SITIOS/yii/framework/web/actions/CAction.php(108): ReflectionMethod->invokeArgs(Object(PromocionController), Array)
#9 /Users/daniel/Documents/SITIOS/yii/framework/web/actions/CInlineAction.php(47): CAction->runWithParamsInternal(Object(PromocionController), Object(ReflectionMethod), Array)
#10 /Users/daniel/Documents/SITIOS/yii/framework/web/CController.php(308): CInlineAction->runWithParams(Array)
#11 /Users/daniel/Documents/SITIOS/yii/framework/web/filters/CFilterChain.php(133): CController->runAction(Object(CInlineAction))
#12 /Users/daniel/Documents/SITIOS/yii/framework/web/filters/CFilter.php(40): CFilterChain->run()
#13 /Users/daniel/Documents/SITIOS/yii/framework/web/CController.php(1145): CFilter->filter(Object(CFilterChain))
#14 /Users/daniel/Documents/SITIOS/yii/framework/web/filters/CInlineFilter.php(58): CController->filterAccessControl(Object(CFilterChain))
#15 /Users/daniel/Documents/SITIOS/yii/framework/web/filters/CFilterChain.php(130): CInlineFilter->filter(Object(CFilterChain))
#16 /Users/daniel/Documents/SITIOS/yii/framework/web/CController.php(291): CFilterChain->run()
#17 /Users/daniel/Documents/SITIOS/yii/framework/web/CController.php(265): CController->runActionWithFilters(Object(CInlineAction), Array)
#18 /Users/daniel/Documents/SITIOS/yii/framework/web/CWebApplication.php(282): CController->run('view')
#19 /Users/daniel/Documents/SITIOS/yii/framework/web/CWebApplication.php(141): CWebApplication->runController('promocion/view')
#20 /Users/daniel/Documents/SITIOS/yii/framework/base/CApplication.php(180): CWebApplication->processRequest()
#21 /Users/daniel/Documents/SITIOS/macspa/admin/index.php(13): CApplication->run()
#22 {main}
REQUEST_URI=/macspa/admin/index.php/promocion/1
---
2013/09/27 05:35:33 [error] [php] Trying to get property of non-object (/Users/daniel/Documents/SITIOS/macspa/admin/protected/controllers/PersonalController.php:179)
Stack trace:
#0 /Users/daniel/Documents/SITIOS/yii/framework/web/filters/CFilterChain.php(133): PersonalController->runAction()
#1 /Users/daniel/Documents/SITIOS/yii/framework/web/filters/CFilter.php(40): CFilterChain->run()
#2 /Users/daniel/Documents/SITIOS/yii/framework/web/CController.php(1145): CAccessControlFilter->filter()
#3 /Users/daniel/Documents/SITIOS/yii/framework/web/filters/CInlineFilter.php(58): PersonalController->filterAccessControl()
#4 /Users/daniel/Documents/SITIOS/yii/framework/web/filters/CFilterChain.php(130): CInlineFilter->filter()
#5 /Users/daniel/Documents/SITIOS/yii/framework/web/CController.php(291): CFilterChain->run()
#6 /Users/daniel/Documents/SITIOS/yii/framework/web/CController.php(265): PersonalController->runActionWithFilters()
#7 /Users/daniel/Documents/SITIOS/yii/framework/web/CWebApplication.php(282): PersonalController->run()
#8 /Users/daniel/Documents/SITIOS/yii/framework/web/CWebApplication.php(141): CWebApplication->runController()
#9 /Users/daniel/Documents/SITIOS/yii/framework/base/CApplication.php(180): CWebApplication->processRequest()
#10 /Users/daniel/Documents/SITIOS/macspa/admin/index.php(13): CWebApplication->run()
REQUEST_URI=/macspa/admin/index.php/Personal/obtenerservicios
in /Users/daniel/Documents/SITIOS/macspa/admin/protected/controllers/PersonalController.php (179)
in /Users/daniel/Documents/SITIOS/macspa/admin/index.php (13)
2013/09/27 05:37:10 [error] [php] Trying to get property of non-object (/Users/daniel/Documents/SITIOS/macspa/admin/protected/controllers/PersonalController.php:179)
Stack trace:
#0 /Users/daniel/Documents/SITIOS/yii/framework/web/filters/CFilterChain.php(133): PersonalController->runAction()
#1 /Users/daniel/Documents/SITIOS/yii/framework/web/filters/CFilter.php(40): CFilterChain->run()
#2 /Users/daniel/Documents/SITIOS/yii/framework/web/CController.php(1145): CAccessControlFilter->filter()
#3 /Users/daniel/Documents/SITIOS/yii/framework/web/filters/CInlineFilter.php(58): PersonalController->filterAccessControl()
#4 /Users/daniel/Documents/SITIOS/yii/framework/web/filters/CFilterChain.php(130): CInlineFilter->filter()
#5 /Users/daniel/Documents/SITIOS/yii/framework/web/CController.php(291): CFilterChain->run()
#6 /Users/daniel/Documents/SITIOS/yii/framework/web/CController.php(265): PersonalController->runActionWithFilters()
#7 /Users/daniel/Documents/SITIOS/yii/framework/web/CWebApplication.php(282): PersonalController->run()
#8 /Users/daniel/Documents/SITIOS/yii/framework/web/CWebApplication.php(141): CWebApplication->runController()
#9 /Users/daniel/Documents/SITIOS/yii/framework/base/CApplication.php(180): CWebApplication->processRequest()
#10 /Users/daniel/Documents/SITIOS/macspa/admin/index.php(13): CWebApplication->run()
REQUEST_URI=/macspa/admin/index.php/Personal/obtenerservicios
in /Users/daniel/Documents/SITIOS/macspa/admin/protected/controllers/PersonalController.php (179)
in /Users/daniel/Documents/SITIOS/macspa/admin/index.php (13)
2013/09/27 05:40:27 [error] [php] Trying to get property of non-object (/Users/daniel/Documents/SITIOS/macspa/admin/protected/controllers/PersonalController.php:179)
Stack trace:
#0 /Users/daniel/Documents/SITIOS/yii/framework/web/filters/CFilterChain.php(133): PersonalController->runAction()
#1 /Users/daniel/Documents/SITIOS/yii/framework/web/filters/CFilter.php(40): CFilterChain->run()
#2 /Users/daniel/Documents/SITIOS/yii/framework/web/CController.php(1145): CAccessControlFilter->filter()
#3 /Users/daniel/Documents/SITIOS/yii/framework/web/filters/CInlineFilter.php(58): PersonalController->filterAccessControl()
#4 /Users/daniel/Documents/SITIOS/yii/framework/web/filters/CFilterChain.php(130): CInlineFilter->filter()
#5 /Users/daniel/Documents/SITIOS/yii/framework/web/CController.php(291): CFilterChain->run()
#6 /Users/daniel/Documents/SITIOS/yii/framework/web/CController.php(265): PersonalController->runActionWithFilters()
#7 /Users/daniel/Documents/SITIOS/yii/framework/web/CWebApplication.php(282): PersonalController->run()
#8 /Users/daniel/Documents/SITIOS/yii/framework/web/CWebApplication.php(141): CWebApplication->runController()
#9 /Users/daniel/Documents/SITIOS/yii/framework/base/CApplication.php(180): CWebApplication->processRequest()
#10 /Users/daniel/Documents/SITIOS/macspa/admin/index.php(13): CWebApplication->run()
REQUEST_URI=/macspa/admin/index.php/Personal/obtenerservicios
in /Users/daniel/Documents/SITIOS/macspa/admin/protected/controllers/PersonalController.php (179)
in /Users/daniel/Documents/SITIOS/macspa/admin/index.php (13)
2013/09/27 06:14:05 [error] [system.db.CDbCommand] CDbCommand::execute() failed: SQLSTATE[42000]: Syntax error or access violation: 1064 You have an error in your SQL syntax; check the manual that corresponds to your MySQL server version for the right syntax to use near '1,)' at line 1. The SQL statement executed was: insert into promocion_servicio(idpromocion,idservicio,flg_activo,precio_promo) values(1,,1,).
in /Users/daniel/Documents/SITIOS/macspa/admin/protected/controllers/PromocionController.php (189)
in /Users/daniel/Documents/SITIOS/macspa/admin/index.php (13)
2013/09/27 06:17:40 [error] [system.db.CDbCommand] CDbCommand::execute() failed: SQLSTATE[23000]: Integrity constraint violation: 1062 Duplicate entry '1-2' for key 'PRIMARY'. The SQL statement executed was: insert into promocion_servicio(idpromocion,idservicio,flg_activo,precio_promo) values(1,2,1,20).
in /Users/daniel/Documents/SITIOS/macspa/admin/protected/controllers/PromocionController.php (189)
in /Users/daniel/Documents/SITIOS/macspa/admin/index.php (13)
2013/09/28 06:38:18 [warning] [application] Failed to set unsafe attribute "rutaimagen" of "Promocion".
in /Users/daniel/Documents/SITIOS/macspa/admin/protected/controllers/PromocionController.php (72)
in /Users/daniel/Documents/SITIOS/macspa/admin/index.php (13)
2013/09/28 16:57:22 [warning] [application] Failed to set unsafe attribute "rutaimagen" of "Promocion".
in /Users/daniel/Documents/SITIOS/macspa/admin/protected/controllers/PromocionController.php (72)
in /Users/daniel/Documents/SITIOS/macspa/admin/index.php (13)
2013/09/28 16:57:22 [error] [exception.CException] exception 'CException' with message 'Property "Promocion.idPromocion" is not defined.' in /Users/daniel/Documents/SITIOS/yii/framework/base/CComponent.php:130
Stack trace:
#0 /Users/daniel/Documents/SITIOS/yii/framework/db/ar/CActiveRecord.php(145): CComponent->__get('idPromocion')
#1 /Users/daniel/Documents/SITIOS/macspa/admin/protected/controllers/PromocionController.php(76): CActiveRecord->__get('idPromocion')
#2 /Users/daniel/Documents/SITIOS/yii/framework/web/actions/CInlineAction.php(49): PromocionController->actionCreate()
#3 /Users/daniel/Documents/SITIOS/yii/framework/web/CController.php(308): CInlineAction->runWithParams(Array)
#4 /Users/daniel/Documents/SITIOS/yii/framework/web/filters/CFilterChain.php(133): CController->runAction(Object(CInlineAction))
#5 /Users/daniel/Documents/SITIOS/yii/framework/web/filters/CFilter.php(40): CFilterChain->run()
#6 /Users/daniel/Documents/SITIOS/yii/framework/web/CController.php(1145): CFilter->filter(Object(CFilterChain))
#7 /Users/daniel/Documents/SITIOS/yii/framework/web/filters/CInlineFilter.php(58): CController->filterAccessControl(Object(CFilterChain))
#8 /Users/daniel/Documents/SITIOS/yii/framework/web/filters/CFilterChain.php(130): CInlineFilter->filter(Object(CFilterChain))
#9 /Users/daniel/Documents/SITIOS/yii/framework/web/CController.php(291): CFilterChain->run()
#10 /Users/daniel/Documents/SITIOS/yii/framework/web/CController.php(265): CController->runActionWithFilters(Object(CInlineAction), Array)
#11 /Users/daniel/Documents/SITIOS/yii/framework/web/CWebApplication.php(282): CController->run('create')
#12 /Users/daniel/Documents/SITIOS/yii/framework/web/CWebApplication.php(141): CWebApplication->runController('promocion/creat...')
#13 /Users/daniel/Documents/SITIOS/yii/framework/base/CApplication.php(180): CWebApplication->processRequest()
#14 /Users/daniel/Documents/SITIOS/macspa/admin/index.php(13): CApplication->run()
#15 {main}
REQUEST_URI=/macspa/admin/index.php/promocion/create
HTTP_REFERER=http://localhost:8888/macspa/admin/index.php/promocion/create
---
2013/09/28 17:00:15 [warning] [application] Failed to set unsafe attribute "rutaimagen" of "Promocion".
in /Users/daniel/Documents/SITIOS/macspa/admin/protected/controllers/PromocionController.php (72)
in /Users/daniel/Documents/SITIOS/macspa/admin/index.php (13)
2013/09/28 17:01:25 [warning] [application] Failed to set unsafe attribute "rutaimagen" of "Promocion".
in /Users/daniel/Documents/SITIOS/macspa/admin/protected/controllers/PromocionController.php (103)
in /Users/daniel/Documents/SITIOS/macspa/admin/index.php (13)
2013/09/28 17:01:53 [warning] [application] Failed to set unsafe attribute "rutaimagen" of "Promocion".
in /Users/daniel/Documents/SITIOS/macspa/admin/protected/controllers/PromocionController.php (103)
in /Users/daniel/Documents/SITIOS/macspa/admin/index.php (13)
2013/09/28 17:02:17 [warning] [application] Failed to set unsafe attribute "rutaimagen" of "Promocion".
in /Users/daniel/Documents/SITIOS/macspa/admin/protected/controllers/PromocionController.php (103)
in /Users/daniel/Documents/SITIOS/macspa/admin/index.php (13)
2013/09/28 17:03:49 [warning] [application] Failed to set unsafe attribute "rutaimagen" of "Promocion".
in /Users/daniel/Documents/SITIOS/macspa/admin/protected/controllers/PromocionController.php (103)
in /Users/daniel/Documents/SITIOS/macspa/admin/index.php (13)
2013/09/28 17:05:05 [warning] [application] Failed to set unsafe attribute "rutaimagen" of "Promocion".
in /Users/daniel/Documents/SITIOS/macspa/admin/protected/controllers/PromocionController.php (103)
in /Users/daniel/Documents/SITIOS/macspa/admin/index.php (13)
2013/09/28 17:06:11 [warning] [application] Failed to set unsafe attribute "rutaimagen" of "Promocion".
in /Users/daniel/Documents/SITIOS/macspa/admin/protected/controllers/PromocionController.php (103)
in /Users/daniel/Documents/SITIOS/macspa/admin/index.php (13)
2013/09/28 17:08:26 [warning] [application] Failed to set unsafe attribute "rutaimagen" of "Promocion".
in /Users/daniel/Documents/SITIOS/macspa/admin/protected/controllers/PromocionController.php (103)
in /Users/daniel/Documents/SITIOS/macspa/admin/index.php (13)
2013/09/28 17:08:26 [error] [php] Non-static method CUploadedFile::getExtensionName() should not be called statically, assuming $this from incompatible context (/Users/daniel/Documents/SITIOS/macspa/admin/protected/controllers/PromocionController.php:107)
Stack trace:
#0 /Users/daniel/Documents/SITIOS/yii/framework/web/actions/CInlineAction.php(47): CInlineAction->runWithParamsInternal()
#1 /Users/daniel/Documents/SITIOS/yii/framework/web/CController.php(308): CInlineAction->runWithParams()
#2 /Users/daniel/Documents/SITIOS/yii/framework/web/filters/CFilterChain.php(133): PromocionController->runAction()
#3 /Users/daniel/Documents/SITIOS/yii/framework/web/filters/CFilter.php(40): CFilterChain->run()
#4 /Users/daniel/Documents/SITIOS/yii/framework/web/CController.php(1145): CAccessControlFilter->filter()
#5 /Users/daniel/Documents/SITIOS/yii/framework/web/filters/CInlineFilter.php(58): PromocionController->filterAccessControl()
#6 /Users/daniel/Documents/SITIOS/yii/framework/web/filters/CFilterChain.php(130): CInlineFilter->filter()
#7 /Users/daniel/Documents/SITIOS/yii/framework/web/CController.php(291): CFilterChain->run()
#8 /Users/daniel/Documents/SITIOS/yii/framework/web/CController.php(265): PromocionController->runActionWithFilters()
#9 /Users/daniel/Documents/SITIOS/yii/framework/web/CWebApplication.php(282): PromocionController->run()
#10 /Users/daniel/Documents/SITIOS/yii/framework/web/CWebApplication.php(141): CWebApplication->runController()
#11 /Users/daniel/Documents/SITIOS/yii/framework/base/CApplication.php(180): CWebApplication->processRequest()
#12 /Users/daniel/Documents/SITIOS/macspa/admin/index.php(13): CWebApplication->run()
REQUEST_URI=/macspa/admin/index.php/promocion/update/2
in /Users/daniel/Documents/SITIOS/macspa/admin/protected/controllers/PromocionController.php (107)
in /Users/daniel/Documents/SITIOS/macspa/admin/index.php (13)
2013/09/29 16:53:19 [warning] [application] Failed to set unsafe attribute "rutaimagen" of "Promocion".
in /Users/daniel/Documents/SITIOS/macspa/admin/protected/controllers/PromocionController.php (109)
in /Users/daniel/Documents/SITIOS/macspa/admin/index.php (13)
2013/09/29 16:54:06 [warning] [application] Failed to set unsafe attribute "rutaimagen" of "Promocion".
in /Users/daniel/Documents/SITIOS/macspa/admin/protected/controllers/PromocionController.php (109)
in /Users/daniel/Documents/SITIOS/macspa/admin/index.php (13)
2013/09/29 16:54:06 [error] [php] Cannot modify header information - headers already sent by (output started at /Users/daniel/Documents/SITIOS/macspa/admin/protected/controllers/PromocionController.php:115) (/Users/daniel/Documents/SITIOS/yii/framework/web/CHttpRequest.php:803)
Stack trace:
#0 /Users/daniel/Documents/SITIOS/macspa/admin/protected/controllers/PromocionController.php(123): PromocionController->redirect()
#1 unknown(0): PromocionController->actionUpdate()
#2 /Users/daniel/Documents/SITIOS/yii/framework/web/actions/CAction.php(108): ReflectionMethod->invokeArgs()
#3 /Users/daniel/Documents/SITIOS/yii/framework/web/actions/CInlineAction.php(47): CInlineAction->runWithParamsInternal()
#4 /Users/daniel/Documents/SITIOS/yii/framework/web/CController.php(308): CInlineAction->runWithParams()
#5 /Users/daniel/Documents/SITIOS/yii/framework/web/filters/CFilterChain.php(133): PromocionController->runAction()
#6 /Users/daniel/Documents/SITIOS/yii/framework/web/filters/CFilter.php(40): CFilterChain->run()
#7 /Users/daniel/Documents/SITIOS/yii/framework/web/CController.php(1145): CAccessControlFilter->filter()
#8 /Users/daniel/Documents/SITIOS/yii/framework/web/filters/CInlineFilter.php(58): PromocionController->filterAccessControl()
#9 /Users/daniel/Documents/SITIOS/yii/framework/web/filters/CFilterChain.php(130): CInlineFilter->filter()
#10 /Users/daniel/Documents/SITIOS/yii/framework/web/CController.php(291): CFilterChain->run()
#11 /Users/daniel/Documents/SITIOS/yii/framework/web/CController.php(265): PromocionController->runActionWithFilters()
#12 /Users/daniel/Documents/SITIOS/yii/framework/web/CWebApplication.php(282): PromocionController->run()
#13 /Users/daniel/Documents/SITIOS/yii/framework/web/CWebApplication.php(141): CWebApplication->runController()
#14 /Users/daniel/Documents/SITIOS/yii/framework/base/CApplication.php(180): CWebApplication->processRequest()
#15 /Users/daniel/Documents/SITIOS/macspa/admin/index.php(13): CWebApplication->run()
REQUEST_URI=/macspa/admin/index.php/promocion/update/1
in /Users/daniel/Documents/SITIOS/macspa/admin/protected/controllers/PromocionController.php (123)
in /Users/daniel/Documents/SITIOS/macspa/admin/index.php (13)
2013/09/29 16:55:48 [warning] [application] Failed to set unsafe attribute "rutaimagen" of "Promocion".
in /Users/daniel/Documents/SITIOS/macspa/admin/protected/controllers/PromocionController.php (109)
in /Users/daniel/Documents/SITIOS/macspa/admin/index.php (13)
2013/09/29 16:55:48 [error] [php] Cannot modify header information - headers already sent by (output started at /Users/daniel/Documents/SITIOS/macspa/admin/protected/controllers/PromocionController.php:121) (/Users/daniel/Documents/SITIOS/yii/framework/web/CHttpRequest.php:803)
Stack trace:
#0 /Users/daniel/Documents/SITIOS/macspa/admin/protected/controllers/PromocionController.php(124): PromocionController->redirect()
#1 unknown(0): PromocionController->actionUpdate()
#2 /Users/daniel/Documents/SITIOS/yii/framework/web/actions/CAction.php(108): ReflectionMethod->invokeArgs()
#3 /Users/daniel/Documents/SITIOS/yii/framework/web/actions/CInlineAction.php(47): CInlineAction->runWithParamsInternal()
#4 /Users/daniel/Documents/SITIOS/yii/framework/web/CController.php(308): CInlineAction->runWithParams()
#5 /Users/daniel/Documents/SITIOS/yii/framework/web/filters/CFilterChain.php(133): PromocionController->runAction()
#6 /Users/daniel/Documents/SITIOS/yii/framework/web/filters/CFilter.php(40): CFilterChain->run()
#7 /Users/daniel/Documents/SITIOS/yii/framework/web/CController.php(1145): CAccessControlFilter->filter()
#8 /Users/daniel/Documents/SITIOS/yii/framework/web/filters/CInlineFilter.php(58): PromocionController->filterAccessControl()
#9 /Users/daniel/Documents/SITIOS/yii/framework/web/filters/CFilterChain.php(130): CInlineFilter->filter()
#10 /Users/daniel/Documents/SITIOS/yii/framework/web/CController.php(291): CFilterChain->run()
#11 /Users/daniel/Documents/SITIOS/yii/framework/web/CController.php(265): PromocionController->runActionWithFilters()
#12 /Users/daniel/Documents/SITIOS/yii/framework/web/CWebApplication.php(282): PromocionController->run()
#13 /Users/daniel/Documents/SITIOS/yii/framework/web/CWebApplication.php(141): CWebApplication->runController()
#14 /Users/daniel/Documents/SITIOS/yii/framework/base/CApplication.php(180): CWebApplication->processRequest()
#15 /Users/daniel/Documents/SITIOS/macspa/admin/index.php(13): CWebApplication->run()
REQUEST_URI=/macspa/admin/index.php/promocion/update/1
in /Users/daniel/Documents/SITIOS/macspa/admin/protected/controllers/PromocionController.php (124)
in /Users/daniel/Documents/SITIOS/macspa/admin/index.php (13)
2013/09/29 16:57:31 [warning] [application] Failed to set unsafe attribute "rutaimagen" of "Promocion".
in /Users/daniel/Documents/SITIOS/macspa/admin/protected/controllers/PromocionController.php (109)
in /Users/daniel/Documents/SITIOS/macspa/admin/index.php (13)
2013/09/29 16:58:21 [warning] [application] Failed to set unsafe attribute "rutaimagen" of "Promocion".
in /Users/daniel/Documents/SITIOS/macspa/admin/protected/controllers/PromocionController.php (109)
in /Users/daniel/Documents/SITIOS/macspa/admin/index.php (13)
2013/09/29 16:58:21 [error] [php] Cannot modify header information - headers already sent by (output started at /Users/daniel/Documents/SITIOS/macspa/admin/protected/controllers/PromocionController.php:121) (/Users/daniel/Documents/SITIOS/yii/framework/web/CHttpRequest.php:803)
Stack trace:
#0 /Users/daniel/Documents/SITIOS/macspa/admin/protected/controllers/PromocionController.php(124): PromocionController->redirect()
#1 unknown(0): PromocionController->actionUpdate()
#2 /Users/daniel/Documents/SITIOS/yii/framework/web/actions/CAction.php(108): ReflectionMethod->invokeArgs()
#3 /Users/daniel/Documents/SITIOS/yii/framework/web/actions/CInlineAction.php(47): CInlineAction->runWithParamsInternal()
#4 /Users/daniel/Documents/SITIOS/yii/framework/web/CController.php(308): CInlineAction->runWithParams()
#5 /Users/daniel/Documents/SITIOS/yii/framework/web/filters/CFilterChain.php(133): PromocionController->runAction()
#6 /Users/daniel/Documents/SITIOS/yii/framework/web/filters/CFilter.php(40): CFilterChain->run()
#7 /Users/daniel/Documents/SITIOS/yii/framework/web/CController.php(1145): CAccessControlFilter->filter()
#8 /Users/daniel/Documents/SITIOS/yii/framework/web/filters/CInlineFilter.php(58): PromocionController->filterAccessControl()
#9 /Users/daniel/Documents/SITIOS/yii/framework/web/filters/CFilterChain.php(130): CInlineFilter->filter()
#10 /Users/daniel/Documents/SITIOS/yii/framework/web/CController.php(291): CFilterChain->run()
#11 /Users/daniel/Documents/SITIOS/yii/framework/web/CController.php(265): PromocionController->runActionWithFilters()
#12 /Users/daniel/Documents/SITIOS/yii/framework/web/CWebApplication.php(282): PromocionController->run()
#13 /Users/daniel/Documents/SITIOS/yii/framework/web/CWebApplication.php(141): CWebApplication->runController()
#14 /Users/daniel/Documents/SITIOS/yii/framework/base/CApplication.php(180): CWebApplication->processRequest()
#15 /Users/daniel/Documents/SITIOS/macspa/admin/index.php(13): CWebApplication->run()
REQUEST_URI=/macspa/admin/index.php/promocion/update/1
in /Users/daniel/Documents/SITIOS/macspa/admin/protected/controllers/PromocionController.php (124)
in /Users/daniel/Documents/SITIOS/macspa/admin/index.php (13)
2013/09/29 16:59:25 [warning] [application] Failed to set unsafe attribute "rutaimagen" of "Promocion".
in /Users/daniel/Documents/SITIOS/macspa/admin/protected/controllers/PromocionController.php (109)
in /Users/daniel/Documents/SITIOS/macspa/admin/index.php (13)
2013/09/29 16:59:35 [warning] [application] Failed to set unsafe attribute "rutaimagen" of "Promocion".
in /Users/daniel/Documents/SITIOS/macspa/admin/protected/controllers/PromocionController.php (109)
in /Users/daniel/Documents/SITIOS/macspa/admin/index.php (13)
2013/09/29 16:59:35 [error] [php] Cannot modify header information - headers already sent by (output started at /Users/daniel/Documents/SITIOS/macspa/admin/protected/controllers/PromocionController.php:121) (/Users/daniel/Documents/SITIOS/yii/framework/web/CHttpRequest.php:803)
Stack trace:
#0 /Users/daniel/Documents/SITIOS/macspa/admin/protected/controllers/PromocionController.php(124): PromocionController->redirect()
#1 unknown(0): PromocionController->actionUpdate()
#2 /Users/daniel/Documents/SITIOS/yii/framework/web/actions/CAction.php(108): ReflectionMethod->invokeArgs()
#3 /Users/daniel/Documents/SITIOS/yii/framework/web/actions/CInlineAction.php(47): CInlineAction->runWithParamsInternal()
#4 /Users/daniel/Documents/SITIOS/yii/framework/web/CController.php(308): CInlineAction->runWithParams()
#5 /Users/daniel/Documents/SITIOS/yii/framework/web/filters/CFilterChain.php(133): PromocionController->runAction()
#6 /Users/daniel/Documents/SITIOS/yii/framework/web/filters/CFilter.php(40): CFilterChain->run()
#7 /Users/daniel/Documents/SITIOS/yii/framework/web/CController.php(1145): CAccessControlFilter->filter()
#8 /Users/daniel/Documents/SITIOS/yii/framework/web/filters/CInlineFilter.php(58): PromocionController->filterAccessControl()
#9 /Users/daniel/Documents/SITIOS/yii/framework/web/filters/CFilterChain.php(130): CInlineFilter->filter()
#10 /Users/daniel/Documents/SITIOS/yii/framework/web/CController.php(291): CFilterChain->run()
#11 /Users/daniel/Documents/SITIOS/yii/framework/web/CController.php(265): PromocionController->runActionWithFilters()
#12 /Users/daniel/Documents/SITIOS/yii/framework/web/CWebApplication.php(282): PromocionController->run()
#13 /Users/daniel/Documents/SITIOS/yii/framework/web/CWebApplication.php(141): CWebApplication->runController()
#14 /Users/daniel/Documents/SITIOS/yii/framework/base/CApplication.php(180): CWebApplication->processRequest()
#15 /Users/daniel/Documents/SITIOS/macspa/admin/index.php(13): CWebApplication->run()
REQUEST_URI=/macspa/admin/index.php/promocion/update/2
in /Users/daniel/Documents/SITIOS/macspa/admin/protected/controllers/PromocionController.php (124)
in /Users/daniel/Documents/SITIOS/macspa/admin/index.php (13)
2013/09/29 17:01:40 [warning] [application] Failed to set unsafe attribute "rutaimagen" of "Promocion".
in /Users/daniel/Documents/SITIOS/macspa/admin/protected/controllers/PromocionController.php (109)
in /Users/daniel/Documents/SITIOS/macspa/admin/index.php (13)
2013/09/29 17:01:40 [error] [php] Cannot modify header information - headers already sent by (output started at /Users/daniel/Documents/SITIOS/macspa/admin/protected/controllers/PromocionController.php:121) (/Users/daniel/Documents/SITIOS/yii/framework/web/CHttpRequest.php:803)
Stack trace:
#0 /Users/daniel/Documents/SITIOS/macspa/admin/protected/controllers/PromocionController.php(124): PromocionController->redirect()
#1 unknown(0): PromocionController->actionUpdate()
#2 /Users/daniel/Documents/SITIOS/yii/framework/web/actions/CAction.php(108): ReflectionMethod->invokeArgs()
#3 /Users/daniel/Documents/SITIOS/yii/framework/web/actions/CInlineAction.php(47): CInlineAction->runWithParamsInternal()
#4 /Users/daniel/Documents/SITIOS/yii/framework/web/CController.php(308): CInlineAction->runWithParams()
#5 /Users/daniel/Documents/SITIOS/yii/framework/web/filters/CFilterChain.php(133): PromocionController->runAction()
#6 /Users/daniel/Documents/SITIOS/yii/framework/web/filters/CFilter.php(40): CFilterChain->run()
#7 /Users/daniel/Documents/SITIOS/yii/framework/web/CController.php(1145): CAccessControlFilter->filter()
#8 /Users/daniel/Documents/SITIOS/yii/framework/web/filters/CInlineFilter.php(58): PromocionController->filterAccessControl()
#9 /Users/daniel/Documents/SITIOS/yii/framework/web/filters/CFilterChain.php(130): CInlineFilter->filter()
#10 /Users/daniel/Documents/SITIOS/yii/framework/web/CController.php(291): CFilterChain->run()
#11 /Users/daniel/Documents/SITIOS/yii/framework/web/CController.php(265): PromocionController->runActionWithFilters()
#12 /Users/daniel/Documents/SITIOS/yii/framework/web/CWebApplication.php(282): PromocionController->run()
#13 /Users/daniel/Documents/SITIOS/yii/framework/web/CWebApplication.php(141): CWebApplication->runController()
#14 /Users/daniel/Documents/SITIOS/yii/framework/base/CApplication.php(180): CWebApplication->processRequest()
#15 /Users/daniel/Documents/SITIOS/macspa/admin/index.php(13): CWebApplication->run()
REQUEST_URI=/macspa/admin/index.php/promocion/update/1
in /Users/daniel/Documents/SITIOS/macspa/admin/protected/controllers/PromocionController.php (124)
in /Users/daniel/Documents/SITIOS/macspa/admin/index.php (13)
2013/09/29 17:02:42 [warning] [application] Failed to set unsafe attribute "rutaimagen" of "Promocion".
in /Users/daniel/Documents/SITIOS/macspa/admin/protected/controllers/PromocionController.php (109)
in /Users/daniel/Documents/SITIOS/macspa/admin/index.php (13)
2013/09/29 17:06:52 [warning] [application] Failed to set unsafe attribute "rutaimagen" of "Promocion".
in /Users/daniel/Documents/SITIOS/macspa/admin/protected/controllers/PromocionController.php (112)
in /Users/daniel/Documents/SITIOS/macspa/admin/index.php (13)
2013/09/29 17:19:25 [error] [php] Undefined variable: data (/Users/daniel/Documents/SITIOS/macspa/admin/protected/views/promocion/view.php:36)
Stack trace:
#0 /Users/daniel/Documents/SITIOS/yii/framework/web/CController.php(869): PromocionController->renderFile()
#1 /Users/daniel/Documents/SITIOS/yii/framework/web/CController.php(782): PromocionController->renderPartial()
#2 /Users/daniel/Documents/SITIOS/macspa/admin/protected/controllers/PromocionController.php(56): PromocionController->render()
#3 unknown(0): PromocionController->actionView()
#4 /Users/daniel/Documents/SITIOS/yii/framework/web/actions/CAction.php(108): ReflectionMethod->invokeArgs()
#5 /Users/daniel/Documents/SITIOS/yii/framework/web/actions/CInlineAction.php(47): CInlineAction->runWithParamsInternal()
#6 /Users/daniel/Documents/SITIOS/yii/framework/web/CController.php(308): CInlineAction->runWithParams()
#7 /Users/daniel/Documents/SITIOS/yii/framework/web/filters/CFilterChain.php(133): PromocionController->runAction()
#8 /Users/daniel/Documents/SITIOS/yii/framework/web/filters/CFilter.php(40): CFilterChain->run()
#9 /Users/daniel/Documents/SITIOS/yii/framework/web/CController.php(1145): CAccessControlFilter->filter()
#10 /Users/daniel/Documents/SITIOS/yii/framework/web/filters/CInlineFilter.php(58): PromocionController->filterAccessControl()
#11 /Users/daniel/Documents/SITIOS/yii/framework/web/filters/CFilterChain.php(130): CInlineFilter->filter()
#12 /Users/daniel/Documents/SITIOS/yii/framework/web/CController.php(291): CFilterChain->run()
#13 /Users/daniel/Documents/SITIOS/yii/framework/web/CController.php(265): PromocionController->runActionWithFilters()
#14 /Users/daniel/Documents/SITIOS/yii/framework/web/CWebApplication.php(282): PromocionController->run()
#15 /Users/daniel/Documents/SITIOS/yii/framework/web/CWebApplication.php(141): CWebApplication->runController()
#16 /Users/daniel/Documents/SITIOS/yii/framework/base/CApplication.php(180): CWebApplication->processRequest()
#17 /Users/daniel/Documents/SITIOS/macspa/admin/index.php(13): CWebApplication->run()
REQUEST_URI=/macspa/admin/index.php/promocion/1
in /Users/daniel/Documents/SITIOS/macspa/admin/protected/views/promocion/view.php (36)
in /Users/daniel/Documents/SITIOS/macspa/admin/protected/controllers/PromocionController.php (56)
in /Users/daniel/Documents/SITIOS/macspa/admin/index.php (13)
2013/09/29 17:45:08 [warning] [application] Failed to set unsafe attribute "rutaimagen" of "Promocion".
in /Users/daniel/Documents/SITIOS/macspa/admin/protected/controllers/PromocionController.php (112)
in /Users/daniel/Documents/SITIOS/macspa/admin/index.php (13)
2013/09/29 17:45:08 [error] [php] include(resize.php): failed to open stream: No such file or directory (/Users/daniel/Documents/SITIOS/yii/framework/YiiBase.php:427)
Stack trace:
#0 /Users/daniel/Documents/SITIOS/macspa/admin/protected/controllers/PromocionController.php(127): spl_autoload_call()
#1 unknown(0): PromocionController->actionUpdate()
#2 /Users/daniel/Documents/SITIOS/yii/framework/web/actions/CAction.php(108): ReflectionMethod->invokeArgs()
#3 /Users/daniel/Documents/SITIOS/yii/framework/web/actions/CInlineAction.php(47): CInlineAction->runWithParamsInternal()
#4 /Users/daniel/Documents/SITIOS/yii/framework/web/CController.php(308): CInlineAction->runWithParams()
#5 /Users/daniel/Documents/SITIOS/yii/framework/web/filters/CFilterChain.php(133): PromocionController->runAction()
#6 /Users/daniel/Documents/SITIOS/yii/framework/web/filters/CFilter.php(40): CFilterChain->run()
#7 /Users/daniel/Documents/SITIOS/yii/framework/web/CController.php(1145): CAccessControlFilter->filter()
#8 /Users/daniel/Documents/SITIOS/yii/framework/web/filters/CInlineFilter.php(58): PromocionController->filterAccessControl()
#9 /Users/daniel/Documents/SITIOS/yii/framework/web/filters/CFilterChain.php(130): CInlineFilter->filter()
#10 /Users/daniel/Documents/SITIOS/yii/framework/web/CController.php(291): CFilterChain->run()
#11 /Users/daniel/Documents/SITIOS/yii/framework/web/CController.php(265): PromocionController->runActionWithFilters()
#12 /Users/daniel/Documents/SITIOS/yii/framework/web/CWebApplication.php(282): PromocionController->run()
#13 /Users/daniel/Documents/SITIOS/yii/framework/web/CWebApplication.php(141): CWebApplication->runController()
#14 /Users/daniel/Documents/SITIOS/yii/framework/base/CApplication.php(180): CWebApplication->processRequest()
#15 /Users/daniel/Documents/SITIOS/macspa/admin/index.php(13): CWebApplication->run()
REQUEST_URI=/macspa/admin/index.php/promocion/update/1
in /Users/daniel/Documents/SITIOS/macspa/admin/protected/controllers/PromocionController.php (127)
in /Users/daniel/Documents/SITIOS/macspa/admin/index.php (13)
2013/09/29 17:45:58 [warning] [application] Failed to set unsafe attribute "rutaimagen" of "Promocion".
in /Users/daniel/Documents/SITIOS/macspa/admin/protected/controllers/PromocionController.php (112)
in /Users/daniel/Documents/SITIOS/macspa/admin/index.php (13)
2013/09/29 17:46:41 [warning] [application] Failed to set unsafe attribute "rutaimagen" of "Promocion".
in /Users/daniel/Documents/SITIOS/macspa/admin/protected/controllers/PromocionController.php (112)
in /Users/daniel/Documents/SITIOS/macspa/admin/index.php (13)
2013/09/29 17:47:12 [warning] [application] Failed to set unsafe attribute "rutaimagen" of "Promocion".
in /Users/daniel/Documents/SITIOS/macspa/admin/protected/controllers/PromocionController.php (112)
in /Users/daniel/Documents/SITIOS/macspa/admin/index.php (13)
2013/09/29 17:47:58 [warning] [application] Failed to set unsafe attribute "rutaimagen" of "Promocion".
in /Users/daniel/Documents/SITIOS/macspa/admin/protected/controllers/PromocionController.php (112)
in /Users/daniel/Documents/SITIOS/macspa/admin/index.php (13)
2013/09/29 17:55:21 [warning] [application] Failed to set unsafe attribute "rutaimagen" of "Promocion".
in /Users/daniel/Documents/SITIOS/macspa/admin/protected/controllers/PromocionController.php (112)
in /Users/daniel/Documents/SITIOS/macspa/admin/index.php (13)
2013/09/29 18:00:47 [warning] [application] Failed to set unsafe attribute "rutaimagen" of "Promocion".
in /Users/daniel/Documents/SITIOS/macspa/admin/protected/controllers/PromocionController.php (72)
in /Users/daniel/Documents/SITIOS/macspa/admin/index.php (13)
2013/09/29 18:00:47 [error] [php] unlink(images/promociones/5.jpg): No such file or directory (/Users/daniel/Documents/SITIOS/macspa/admin/protected/controllers/PromocionController.php:89)
Stack trace:
#0 /Users/daniel/Documents/SITIOS/yii/framework/web/CController.php(308): CInlineAction->runWithParams()
#1 /Users/daniel/Documents/SITIOS/yii/framework/web/filters/CFilterChain.php(133): PromocionController->runAction()
#2 /Users/daniel/Documents/SITIOS/yii/framework/web/filters/CFilter.php(40): CFilterChain->run()
#3 /Users/daniel/Documents/SITIOS/yii/framework/web/CController.php(1145): CAccessControlFilter->filter()
#4 /Users/daniel/Documents/SITIOS/yii/framework/web/filters/CInlineFilter.php(58): PromocionController->filterAccessControl()
#5 /Users/daniel/Documents/SITIOS/yii/framework/web/filters/CFilterChain.php(130): CInlineFilter->filter()
#6 /Users/daniel/Documents/SITIOS/yii/framework/web/CController.php(291): CFilterChain->run()
#7 /Users/daniel/Documents/SITIOS/yii/framework/web/CController.php(265): PromocionController->runActionWithFilters()
#8 /Users/daniel/Documents/SITIOS/yii/framework/web/CWebApplication.php(282): PromocionController->run()
#9 /Users/daniel/Documents/SITIOS/yii/framework/web/CWebApplication.php(141): CWebApplication->runController()
#10 /Users/daniel/Documents/SITIOS/yii/framework/base/CApplication.php(180): CWebApplication->processRequest()
#11 /Users/daniel/Documents/SITIOS/macspa/admin/index.php(13): CWebApplication->run()
REQUEST_URI=/macspa/admin/index.php/promocion/create
in /Users/daniel/Documents/SITIOS/macspa/admin/protected/controllers/PromocionController.php (89)
in /Users/daniel/Documents/SITIOS/macspa/admin/index.php (13)
2013/09/29 18:02:27 [warning] [application] Failed to set unsafe attribute "rutaimagen" of "Promocion".
in /Users/daniel/Documents/SITIOS/macspa/admin/protected/controllers/PromocionController.php (125)
in /Users/daniel/Documents/SITIOS/macspa/admin/index.php (13)
2013/09/29 18:02:27 [error] [php] unlink(images/promociones/5.jpg): No such file or directory (/Users/daniel/Documents/SITIOS/macspa/admin/protected/controllers/PromocionController.php:144)
Stack trace:
#0 /Users/daniel/Documents/SITIOS/yii/framework/web/actions/CAction.php(108): ReflectionMethod->invokeArgs()
#1 /Users/daniel/Documents/SITIOS/yii/framework/web/actions/CInlineAction.php(47): CInlineAction->runWithParamsInternal()
#2 /Users/daniel/Documents/SITIOS/yii/framework/web/CController.php(308): CInlineAction->runWithParams()
#3 /Users/daniel/Documents/SITIOS/yii/framework/web/filters/CFilterChain.php(133): PromocionController->runAction()
#4 /Users/daniel/Documents/SITIOS/yii/framework/web/filters/CFilter.php(40): CFilterChain->run()
#5 /Users/daniel/Documents/SITIOS/yii/framework/web/CController.php(1145): CAccessControlFilter->filter()
#6 /Users/daniel/Documents/SITIOS/yii/framework/web/filters/CInlineFilter.php(58): PromocionController->filterAccessControl()
#7 /Users/daniel/Documents/SITIOS/yii/framework/web/filters/CFilterChain.php(130): CInlineFilter->filter()
#8 /Users/daniel/Documents/SITIOS/yii/framework/web/CController.php(291): CFilterChain->run()
#9 /Users/daniel/Documents/SITIOS/yii/framework/web/CController.php(265): PromocionController->runActionWithFilters()
#10 /Users/daniel/Documents/SITIOS/yii/framework/web/CWebApplication.php(282): PromocionController->run()
#11 /Users/daniel/Documents/SITIOS/yii/framework/web/CWebApplication.php(141): CWebApplication->runController()
#12 /Users/daniel/Documents/SITIOS/yii/framework/base/CApplication.php(180): CWebApplication->processRequest()
#13 /Users/daniel/Documents/SITIOS/macspa/admin/index.php(13): CWebApplication->run()
REQUEST_URI=/macspa/admin/index.php/promocion/update/5
in /Users/daniel/Documents/SITIOS/macspa/admin/protected/controllers/PromocionController.php (144)
in /Users/daniel/Documents/SITIOS/macspa/admin/index.php (13)
2013/09/29 18:05:54 [warning] [application] Failed to set unsafe attribute "rutaimagen" of "Promocion".
in /Users/daniel/Documents/SITIOS/macspa/admin/protected/controllers/PromocionController.php (123)
in /Users/daniel/Documents/SITIOS/macspa/admin/index.php (13)
2013/09/29 18:06:23 [warning] [application] Failed to set unsafe attribute "rutaimagen" of "Promocion".
in /Users/daniel/Documents/SITIOS/macspa/admin/protected/controllers/PromocionController.php (72)
in /Users/daniel/Documents/SITIOS/macspa/admin/index.php (13)
2013/09/29 18:08:24 [warning] [application] Failed to set unsafe attribute "rutaimagen" of "Promocion".
in /Users/daniel/Documents/SITIOS/macspa/admin/protected/controllers/PromocionController.php (72)
in /Users/daniel/Documents/SITIOS/macspa/admin/index.php (13)
2013/09/29 18:08:41 [warning] [application] Failed to set unsafe attribute "rutaimagen" of "Promocion".
in /Users/daniel/Documents/SITIOS/macspa/admin/protected/controllers/PromocionController.php (123)
in /Users/daniel/Documents/SITIOS/macspa/admin/index.php (13)
